<?xml version="1.0" encoding="UTF-8"?>
<testsuite name="TaskTest" tests="5" skipped="0" failures="0" errors="0" timestamp="2015-08-31T04:26:40" hostname="Ashleys-MacBook-Pro.local" time="0.118">
  <properties/>
  <testcase name="equals_returnsTrueIfDescriptionsAretheSame" classname="TaskTest" time="0.01"/>
  <testcase name="save_returnsTrueIfDescriptionsAretheSame" classname="TaskTest" time="0.03"/>
  <testcase name="all_emptyAtFirst" classname="TaskTest" time="0.018"/>
  <testcase name="all_savesIntoDatabase_true" classname="TaskTest" time="0.028"/>
  <testcase name="find_findsTaskInDatabase_true" classname="TaskTest" time="0.029"/>
  <system-out><![CDATA[]]></system-out>
  <system-err><![CDATA[]]></system-err>
</testsuite>
