<?xml version="1.0" encoding="UTF-8"?>
<testsuite name="TaskTest" tests="5" skipped="0" failures="0" errors="0" timestamp="2015-08-31T17:28:04" hostname="epicodus-102.local" time="0.054">
  <properties/>
  <testcase name="equals_returnsTrueIfDescriptionsAretheSame" classname="TaskTest" time="0.004"/>
  <testcase name="save_returnsTrueIfDescriptionsAretheSame" classname="TaskTest" time="0.012"/>
  <testcase name="all_emptyAtFirst" classname="TaskTest" time="0.008"/>
  <testcase name="all_savesIntoDatabase_true" classname="TaskTest" time="0.015"/>
  <testcase name="find_findsTaskInDatabase_true" classname="TaskTest" time="0.013"/>
  <system-out><![CDATA[]]></system-out>
  <system-err><![CDATA[]]></system-err>
</testsuite>
