<?xml version="1.0" encoding="UTF-8"?>
<testsuite name="AppUnitTest" tests="1" skipped="0" failures="0" errors="0" timestamp="2015-08-31T04:26:40" hostname="Ashleys-MacBook-Pro.local" time="0.0">
  <properties/>
  <testcase name="methodName_testDescription_expectedOutcome" classname="AppUnitTest" time="0.0"/>
  <system-out><![CDATA[]]></system-out>
  <system-err><![CDATA[]]></system-err>
</testsuite>
