<?xml version="1.0" encoding="UTF-8"?>
<testsuite name="CategoryTest" tests="4" skipped="0" failures="0" errors="0" timestamp="2015-08-31T04:26:40" hostname="Ashleys-MacBook-Pro.local" time="0.218">
  <properties/>
  <testcase name="equals_returnsTrueIfNamesAretheSame" classname="CategoryTest" time="0.091"/>
  <testcase name="all_emptyAtFirst" classname="CategoryTest" time="0.056"/>
  <testcase name="find_findCategoryInDatabase_true" classname="CategoryTest" time="0.039"/>
  <testcase name="save_savesIntoDatabase_true" classname="CategoryTest" time="0.03"/>
  <system-out><![CDATA[]]></system-out>
  <system-err><![CDATA[]]></system-err>
</testsuite>
